{"meta": {"format": 3, "version": "7.6.12", "timestamp": "2025-11-25T20:14:58.456901", "branch_coverage": false, "show_contexts": false}, "files": {"pytemplate/__init__.py": {"executed_lines": [1], "summary": {"covered_lines": 0, "num_statements": 0, "percent_covered": 100.0, "percent_covered_display": "100", "missing_lines": 0, "excluded_lines": 0}, "missing_lines": [], "excluded_lines": [], "functions": {"": {"executed_lines": [1], "summary": {"covered_lines": 0, "num_statements": 0, "percent_covered": 100.0, "percent_covered_display": "100", "missing_lines": 0, "excluded_lines": 0}, "missing_lines": [], "excluded_lines": []}}, "classes": {"": {"executed_lines": [1], "summary": {"covered_lines": 0, "num_statements": 0, "percent_covered": 100.0, "percent_covered_display": "100", "missing_lines": 0, "excluded_lines": 0}, "missing_lines": [], "excluded_lines": []}}}, "pytemplate/constants.py": {"executed_lines": [1, 3, 6, 7, 9, 12, 15, 18, 19, 23, 24, 25, 30, 32, 35, 36, 40, 41, 42, 47], "summary": {"covered_lines": 18, "num_statements": 22, "percent_covered": 81.81818181818181, "percent_covered_display": "82", "missing_lines": 4, "excluded_lines": 0}, "missing_lines": [20, 28, 37, 45], "excluded_lines": [], "functions": {"_find_template_paths_file": {"executed_lines": [18, 19, 23, 24, 25], "summary": {"covered_lines": 5, "num_statements": 7, "percent_covered": 71.42857142857143, "percent_covered_display": "71", "missing_lines": 2, "excluded_lines": 0}, "missing_lines": [20, 28], "excluded_lines": []}, "_get_base_dir": {"executed_lines": [35, 36, 40, 41, 42], "summary": {"covered_lines": 5, "num_statements": 7, "percent_covered": 71.42857142857143, "percent_covered_display": "71", "missing_lines": 2, "excluded_lines": 0}, "missing_lines": [37, 45], "excluded_lines": []}, "": {"executed_lines": [1, 3, 6, 7, 9, 12, 15, 30, 32, 47], "summary": {"covered_lines": 8, "num_statements": 8, "percent_covered": 100.0, "percent_covered_display": "100", "missing_lines": 0, "excluded_lines": 0}, "missing_lines": [], "excluded_lines": []}}, "classes": {"SecurityError": {"executed_lines": [], "summary": {"covered_lines": 0, "num_statements": 0, "percent_covered": 100.0, "percent_covered_display": "100", "missing_lines": 0, "excluded_lines": 0}, "missing_lines": [], "excluded_lines": []}, "": {"executed_lines": [1, 3, 6, 7, 9, 12, 15, 18, 19, 23, 24, 25, 30, 32, 35, 36, 40, 41, 42, 47], "summary": {"covered_lines": 18, "num_statements": 22, "percent_covered": 81.81818181818181, "percent_covered_display": "82", "missing_lines": 4, "excluded_lines": 0}, "missing_lines": [20, 28, 37, 45], "excluded_lines": []}}}, "pytemplate/logger.py": {"executed_lines": [1, 3, 5, 8, 11, 16, 24, 32], "summary": {"covered_lines": 7, "num_statements": 7, "percent_covered": 100.0, "percent_covered_display": "100", "missing_lines": 0, "excluded_lines": 0}, "missing_lines": [], "excluded_lines": [], "functions": {"": {"executed_lines": [1, 3, 5, 8, 11, 16, 24, 32], "summary": {"covered_lines": 7, "num_statements": 7, "percent_covered": 100.0, "percent_covered_display": "100", "missing_lines": 0, "excluded_lines": 0}, "missing_lines": [], "excluded_lines": []}}, "classes": {"": {"executed_lines": [1, 3, 5, 8, 11, 16, 24, 32], "summary": {"covered_lines": 7, "num_statements": 7, "percent_covered": 100.0, "percent_covered_display": "100", "missing_lines": 0, "excluded_lines": 0}, "missing_lines": [], "excluded_lines": []}}}, "pytemplate/main.py": {"executed_lines": [1, 3, 5, 6, 8, 10, 11, 14, 16, 23, 25, 28, 29, 42, 44, 45, 47, 48, 51, 52, 53, 55, 56, 57, 58, 59, 62, 64, 65, 66, 67, 70, 71, 80, 81, 83, 84, 86, 87, 89, 90, 91, 98, 99, 100, 101, 102, 104, 105, 106, 109], "summary": {"covered_lines": 50, "num_statements": 53, "percent_covered": 94.33962264150944, "percent_covered_display": "94", "missing_lines": 3, "excluded_lines": 0}, "missing_lines": [95, 96, 110], "excluded_lines": [], "functions": {"path_callback": {"executed_lines": [25], "summary": {"covered_lines": 1, "num_statements": 1, "percent_covered": 100.0, "percent_covered_display": "100", "missing_lines": 0, "excluded_lines": 0}, "missing_lines": [], "excluded_lines": []}, "create_project_from_config": {"executed_lines": [42, 44, 45, 47, 48, 51, 52, 53, 55, 56, 57, 58, 59], "summary": {"covered_lines": 13, "num_statements": 13, "percent_covered": 100.0, "percent_covered_display": "100", "missing_lines": 0, "excluded_lines": 0}, "missing_lines": [], "excluded_lines": []}, "validate_project_type": {"executed_lines": [64, 65, 66, 67], "summary": {"covered_lines": 4, "num_statements": 4, "percent_covered": 100.0, "percent_covered_display": "100", "missing_lines": 0, "excluded_lines": 0}, "missing_lines": [], "excluded_lines": []}, "create_config": {"executed_lines": [80, 81, 83, 84, 86, 87, 89, 90, 91, 98, 99, 100, 101, 102, 104, 105, 106], "summary": {"covered_lines": 17, "num_statements": 19, "percent_covered": 89.47368421052632, "percent_covered_display": "89", "missing_lines": 2, "excluded_lines": 0}, "missing_lines": [95, 96], "excluded_lines": []}, "": {"executed_lines": [1, 3, 5, 6, 8, 10, 11, 14, 16, 23, 28, 29, 62, 70, 71, 109], "summary": {"covered_lines": 15, "num_statements": 16, "percent_covered": 93.75, "percent_covered_display": "94", "missing_lines": 1, "excluded_lines": 0}, "missing_lines": [110], "excluded_lines": []}}, "classes": {"": {"executed_lines": [1, 3, 5, 6, 8, 10, 11, 14, 16, 23, 25, 28, 29, 42, 44, 45, 47, 48, 51, 52, 53, 55, 56, 57, 58, 59, 62, 64, 65, 66, 67, 70, 71, 80, 81, 83, 84, 86, 87, 89, 90, 91, 98, 99, 100, 101, 102, 104, 105, 106, 109], "summary": {"covered_lines": 50, "num_statements": 53, "percent_covered": 94.33962264150944, "percent_covered_display": "94", "missing_lines": 3, "excluded_lines": 0}, "missing_lines": [95, 96, 110], "excluded_lines": []}}}, "pytemplate/project_creator.py": {"executed_lines": [1, 3, 4, 5, 6, 7, 8, 10, 11, 12, 14, 15, 16, 19, 36, 37, 38, 39, 42, 46, 72, 83, 91, 92, 97, 98, 101, 108, 110, 111, 113, 114, 118, 119, 121, 122, 124, 157, 159, 160, 161, 162, 163, 173, 176, 180, 188, 189, 198, 202, 203, 204, 205, 208, 209, 210, 212, 214, 216, 224, 225, 226, 227, 229, 230, 231, 233, 234, 236, 237, 239, 240, 241, 243, 244, 246, 248, 249, 250, 251, 258, 260, 261, 263, 265, 266, 269, 270, 271, 274, 275, 276, 278, 279, 281, 283, 284, 285, 287, 288, 289, 290, 292, 294, 296, 297, 298, 300, 301, 303, 304, 306, 307, 309, 310, 312, 313, 315, 316, 317, 318, 319, 320, 321, 326, 327, 329, 330, 331, 332, 333, 334, 335, 336, 338, 339, 340, 343, 344, 345, 347, 351, 352, 353, 354, 355, 357, 359, 360, 362, 364, 365, 366, 369, 370, 371, 372, 378, 382, 383, 386, 387, 388, 391, 392, 393, 395, 396, 399, 412, 415, 418, 422, 425, 430, 431, 432, 435, 436, 437, 438, 440, 441, 443, 444, 445, 447, 455, 459, 460, 461, 463, 464, 467, 469, 470, 471, 474, 475, 476, 477, 478, 479, 480, 481, 482, 483, 484, 486, 487, 489, 496, 497, 498, 499, 500, 501, 503, 505, 506, 507, 508, 510, 511, 512, 514, 515, 518, 519, 522, 523, 524, 526, 528, 529, 530, 532, 533, 535, 538, 539, 541, 543, 544, 545, 553, 562, 564, 565, 569, 571, 572, 574, 587, 588, 589, 591, 592, 593, 595, 600, 613, 617, 618, 619, 620, 621, 622, 627, 635, 636, 637, 638, 640, 641, 642, 643, 644, 647, 648, 649, 650, 653, 654, 655, 656, 659, 660], "summary": {"covered_lines": 288, "num_statements": 352, "percent_covered": 81.81818181818181, "percent_covered_display": "82", "missing_lines": 64, "excluded_lines": 0}, "missing_lines": [43, 44, 48, 51, 52, 53, 54, 57, 58, 59, 60, 63, 64, 65, 66, 67, 69, 70, 73, 75, 77, 78, 79, 80, 166, 167, 168, 169, 171, 172, 228, 235, 253, 254, 255, 256, 257, 348, 349, 394, 426, 427, 433, 439, 456, 457, 546, 547, 548, 549, 550, 551, 596, 597, 598, 614, 615, 623, 624, 625, 657, 662, 663, 664], "excluded_lines": [], "functions": {"_validate_template": {"executed_lines": [36, 37, 38, 39, 42, 46, 72], "summary": {"covered_lines": 7, "num_statements": 31, "percent_covered": 22.580645161290324, "percent_covered_display": "23", "missing_lines": 24, "excluded_lines": 0}, "missing_lines": [43, 44, 48, 51, 52, 53, 54, 57, 58, 59, 60, 63, 64, 65, 66, 67, 69, 70, 73, 75, 77, 78, 79, 80], "excluded_lines": []}, "_get_context": {"executed_lines": [91, 92, 97, 98], "summary": {"covered_lines": 4, "num_statements": 4, "percent_covered": 100.0, "percent_covered_display": "100", "missing_lines": 0, "excluded_lines": 0}, "missing_lines": [], "excluded_lines": []}, "_create_project_with_cookiecutter": {"executed_lines": [108, 110, 111, 113, 114, 118, 119, 121, 122, 124, 157, 159, 160, 161, 162, 163, 173], "summary": {"covered_lines": 17, "num_statements": 23, "percent_covered": 73.91304347826087, "percent_covered_display": "74", "missing_lines": 6, "excluded_lines": 0}, "missing_lines": [166, 167, 168, 169, 171, 172], "excluded_lines": []}, "_execute_cookiecutter": {"executed_lines": [180], "summary": {"covered_lines": 1, "num_statements": 1, "percent_covered": 100.0, "percent_covered_display": "100", "missing_lines": 0, "excluded_lines": 0}, "missing_lines": [], "excluded_lines": []}, "ProjectCreator.__init__": {"executed_lines": [198, 202, 203, 204, 205, 208, 209, 210], "summary": {"covered_lines": 8, "num_statements": 8, "percent_covered": 100.0, "percent_covered_display": "100", "missing_lines": 0, "excluded_lines": 0}, "missing_lines": [], "excluded_lines": []}, "ProjectCreator.enable_testing_mode": {"executed_lines": [214], "summary": {"covered_lines": 1, "num_statements": 1, "percent_covered": 100.0, "percent_covered_display": "100", "missing_lines": 0, "excluded_lines": 0}, "missing_lines": [], "excluded_lines": []}, "ProjectCreator.load_config": {"executed_lines": [224, 225, 226, 227, 229, 230, 231, 233, 234, 236, 237, 239, 240, 241, 243, 244, 246, 248, 249, 250, 251, 258, 260, 261], "summary": {"covered_lines": 24, "num_statements": 31, "percent_covered": 77.41935483870968, "percent_covered_display": "77", "missing_lines": 7, "excluded_lines": 0}, "missing_lines": [228, 235, 253, 254, 255, 256, 257], "excluded_lines": []}, "ProjectCreator._validate_project_name": {"executed_lines": [265, 266, 269, 270, 271, 274, 275, 276, 278, 279], "summary": {"covered_lines": 10, "num_statements": 10, "percent_covered": 100.0, "percent_covered_display": "100", "missing_lines": 0, "excluded_lines": 0}, "missing_lines": [], "excluded_lines": []}, "ProjectCreator._validate_development_settings": {"executed_lines": [283, 284, 285, 287, 288, 289, 290, 292], "summary": {"covered_lines": 8, "num_statements": 8, "percent_covered": 100.0, "percent_covered_display": "100", "missing_lines": 0, "excluded_lines": 0}, "missing_lines": [], "excluded_lines": []}, "ProjectCreator.validate_config": {"executed_lines": [296, 297, 298, 300, 301, 303, 304, 306, 307, 309, 310, 312, 313], "summary": {"covered_lines": 13, "num_statements": 13, "percent_covered": 100.0, "percent_covered_display": "100", "missing_lines": 0, "excluded_lines": 0}, "missing_lines": [], "excluded_lines": []}, "ProjectCreator._validate_required_sections": {"executed_lines": [316, 317, 318, 319, 320, 321, 326, 327], "summary": {"covered_lines": 8, "num_statements": 8, "percent_covered": 100.0, "percent_covered_display": "100", "missing_lines": 0, "excluded_lines": 0}, "missing_lines": [], "excluded_lines": []}, "ProjectCreator._validate_project_type": {"executed_lines": [330, 331, 332, 333, 334, 335, 336], "summary": {"covered_lines": 7, "num_statements": 7, "percent_covered": 100.0, "percent_covered_display": "100", "missing_lines": 0, "excluded_lines": 0}, "missing_lines": [], "excluded_lines": []}, "ProjectCreator._validate_docker_settings": {"executed_lines": [339, 340, 343, 344, 345, 347, 351, 352, 353, 354, 355], "summary": {"covered_lines": 11, "num_statements": 13, "percent_covered": 84.61538461538461, "percent_covered_display": "85", "missing_lines": 2, "excluded_lines": 0}, "missing_lines": [348, 349], "excluded_lines": []}, "ProjectCreator.create_project_from_config": {"executed_lines": [359, 360, 362, 364, 365, 366, 369, 370, 371, 372, 378, 382, 383, 386, 387, 388, 391, 392, 393, 395, 396, 399, 412, 415, 418, 422, 425, 430, 431, 432, 435, 436, 437, 438, 440, 441, 443, 444, 445], "summary": {"covered_lines": 39, "num_statements": 44, "percent_covered": 88.63636363636364, "percent_covered_display": "89", "missing_lines": 5, "excluded_lines": 0}, "missing_lines": [394, 426, 427, 433, 439], "excluded_lines": []}, "ProjectCreator.initialize_local_git_repo": {"executed_lines": [455, 459, 460, 461, 463, 464, 467, 469, 470, 471, 474, 475, 476, 477, 478, 479, 480, 481, 482, 483, 484, 486, 487], "summary": {"covered_lines": 23, "num_statements": 25, "percent_covered": 92.0, "percent_covered_display": "92", "missing_lines": 2, "excluded_lines": 0}, "missing_lines": [456, 457], "excluded_lines": []}, "ProjectCreator.create_github_repo": {"executed_lines": [496, 497, 505, 506, 507, 508, 510, 511, 512, 514, 515, 518, 519, 522, 523, 524, 526, 528, 529, 530, 532, 533, 535, 538, 539, 541, 543, 544, 545], "summary": {"covered_lines": 29, "num_statements": 35, "percent_covered": 82.85714285714286, "percent_covered_display": "83", "missing_lines": 6, "excluded_lines": 0}, "missing_lines": [546, 547, 548, 549, 550, 551], "excluded_lines": []}, "ProjectCreator.create_github_repo.change_directory": {"executed_lines": [498, 499, 500, 501, 503], "summary": {"covered_lines": 5, "num_statements": 5, "percent_covered": 100.0, "percent_covered_display": "100", "missing_lines": 0, "excluded_lines": 0}, "missing_lines": [], "excluded_lines": []}, "ProjectCreator._get_copilots_config": {"executed_lines": [562, 564, 565, 569, 571, 572], "summary": {"covered_lines": 6, "num_statements": 6, "percent_covered": 100.0, "percent_covered_display": "100", "missing_lines": 0, "excluded_lines": 0}, "missing_lines": [], "excluded_lines": []}, "ProjectCreator._load_template_content": {"executed_lines": [587, 588, 589, 591, 592, 593, 595], "summary": {"covered_lines": 7, "num_statements": 10, "percent_covered": 70.0, "percent_covered_display": "70", "missing_lines": 3, "excluded_lines": 0}, "missing_lines": [596, 597, 598], "excluded_lines": []}, "ProjectCreator._copy_rules_to_path": {"executed_lines": [613, 617, 618, 619, 620, 621, 622], "summary": {"covered_lines": 7, "num_statements": 12, "percent_covered": 58.333333333333336, "percent_covered_display": "58", "missing_lines": 5, "excluded_lines": 0}, "missing_lines": [614, 615, 623, 624, 625], "excluded_lines": []}, "ProjectCreator.copy_ai_templates": {"executed_lines": [635, 636, 637, 638, 640, 641, 642, 643, 644, 647, 648, 649, 650, 653, 654, 655, 656, 659, 660], "summary": {"covered_lines": 19, "num_statements": 23, "percent_covered": 82.6086956521739, "percent_covered_display": "83", "missing_lines": 4, "excluded_lines": 0}, "missing_lines": [657, 662, 663, 664], "excluded_lines": []}, "": {"executed_lines": [1, 3, 4, 5, 6, 7, 8, 10, 11, 12, 14, 15, 16, 19, 83, 101, 176, 188, 189, 212, 216, 263, 281, 294, 315, 329, 338, 357, 447, 489, 553, 574, 600, 627], "summary": {"covered_lines": 34, "num_statements": 34, "percent_covered": 100.0, "percent_covered_display": "100", "missing_lines": 0, "excluded_lines": 0}, "missing_lines": [], "excluded_lines": []}}, "classes": {"ProjectCreator": {"executed_lines": [198, 202, 203, 204, 205, 208, 209, 210, 214, 224, 225, 226, 227, 229, 230, 231, 233, 234, 236, 237, 239, 240, 241, 243, 244, 246, 248, 249, 250, 251, 258, 260, 261, 265, 266, 269, 270, 271, 274, 275, 276, 278, 279, 283, 284, 285, 287, 288, 289, 290, 292, 296, 297, 298, 300, 301, 303, 304, 306, 307, 309, 310, 312, 313, 316, 317, 318, 319, 320, 321, 326, 327, 330, 331, 332, 333, 334, 335, 336, 339, 340, 343, 344, 345, 347, 351, 352, 353, 354, 355, 359, 360, 362, 364, 365, 366, 369, 370, 371, 372, 378, 382, 383, 386, 387, 388, 391, 392, 393, 395, 396, 399, 412, 415, 418, 422, 425, 430, 431, 432, 435, 436, 437, 438, 440, 441, 443, 444, 445, 455, 459, 460, 461, 463, 464, 467, 469, 470, 471, 474, 475, 476, 477, 478, 479, 480, 481, 482, 483, 484, 486, 487, 496, 497, 498, 499, 500, 501, 503, 505, 506, 507, 508, 510, 511, 512, 514, 515, 518, 519, 522, 523, 524, 526, 528, 529, 530, 532, 533, 535, 538, 539, 541, 543, 544, 545, 562, 564, 565, 569, 571, 572, 587, 588, 589, 591, 592, 593, 595, 613, 617, 618, 619, 620, 621, 622, 635, 636, 637, 638, 640, 641, 642, 643, 644, 647, 648, 649, 650, 653, 654, 655, 656, 659, 660], "summary": {"covered_lines": 225, "num_statements": 259, "percent_covered": 86.87258687258688, "percent_covered_display": "87", "missing_lines": 34, "excluded_lines": 0}, "missing_lines": [228, 235, 253, 254, 255, 256, 257, 348, 349, 394, 426, 427, 433, 439, 456, 457, 546, 547, 548, 549, 550, 551, 596, 597, 598, 614, 615, 623, 624, 625, 657, 662, 663, 664], "excluded_lines": []}, "": {"executed_lines": [1, 3, 4, 5, 6, 7, 8, 10, 11, 12, 14, 15, 16, 19, 36, 37, 38, 39, 42, 46, 72, 83, 91, 92, 97, 98, 101, 108, 110, 111, 113, 114, 118, 119, 121, 122, 124, 157, 159, 160, 161, 162, 163, 173, 176, 180, 188, 189, 212, 216, 263, 281, 294, 315, 329, 338, 357, 447, 489, 553, 574, 600, 627], "summary": {"covered_lines": 63, "num_statements": 93, "percent_covered": 67.74193548387096, "percent_covered_display": "68", "missing_lines": 30, "excluded_lines": 0}, "missing_lines": [43, 44, 48, 51, 52, 53, 54, 57, 58, 59, 60, 63, 64, 65, 66, 67, 69, 70, 73, 75, 77, 78, 79, 80, 166, 167, 168, 169, 171, 172], "excluded_lines": []}}}, "pytemplate/template_manager.py": {"executed_lines": [1, 3, 5, 6, 8, 10, 13, 16, 17, 19, 32, 33, 34, 37, 38, 40, 41, 43, 51, 52, 53, 54, 55, 56, 57, 59, 61, 63, 66, 67, 68, 70, 83, 84, 85, 86, 87, 88, 89, 90, 91, 93, 106, 109, 110, 113, 115, 131, 132, 136, 140, 159, 160, 161, 162, 163, 165, 182, 184, 185, 186, 190, 191, 192, 193, 198, 201, 202, 207, 208, 212, 223, 226, 228, 231, 232, 239, 240, 241, 250, 251, 253, 261, 262], "summary": {"covered_lines": 81, "num_statements": 109, "percent_covered": 74.31192660550458, "percent_covered_display": "74", "missing_lines": 28, "excluded_lines": 0}, "missing_lines": [116, 118, 119, 120, 124, 125, 126, 127, 128, 129, 133, 134, 135, 137, 138, 209, 210, 229, 234, 235, 236, 237, 242, 243, 244, 245, 246, 247], "excluded_lines": [], "functions": {"TemplateResolver._resolve_template_path": {"executed_lines": [32, 33, 34, 37, 38, 40, 41], "summary": {"covered_lines": 7, "num_statements": 7, "percent_covered": 100.0, "percent_covered_display": "100", "missing_lines": 0, "excluded_lines": 0}, "missing_lines": [], "excluded_lines": []}, "TemplateResolver.__init__": {"executed_lines": [51, 52, 53, 54, 55, 56, 57], "summary": {"covered_lines": 7, "num_statements": 7, "percent_covered": 100.0, "percent_covered_display": "100", "missing_lines": 0, "excluded_lines": 0}, "missing_lines": [], "excluded_lines": []}, "TemplateResolver._get_default_config_path": {"executed_lines": [61], "summary": {"covered_lines": 1, "num_statements": 1, "percent_covered": 100.0, "percent_covered_display": "100", "missing_lines": 0, "excluded_lines": 0}, "missing_lines": [], "excluded_lines": []}, "TemplateResolver._get_base_dir": {"executed_lines": [66, 67, 68], "summary": {"covered_lines": 3, "num_statements": 3, "percent_covered": 100.0, "percent_covered_display": "100", "missing_lines": 0, "excluded_lines": 0}, "missing_lines": [], "excluded_lines": []}, "TemplateResolver._load_template_paths": {"executed_lines": [83, 84, 85, 86, 87, 88, 89, 90, 91], "summary": {"covered_lines": 9, "num_statements": 9, "percent_covered": 100.0, "percent_covered_display": "100", "missing_lines": 0, "excluded_lines": 0}, "missing_lines": [], "excluded_lines": []}, "TemplateResolver._load_config": {"executed_lines": [106, 109, 110, 113, 115, 131, 132, 136], "summary": {"covered_lines": 8, "num_statements": 23, "percent_covered": 34.78260869565217, "percent_covered_display": "35", "missing_lines": 15, "excluded_lines": 0}, "missing_lines": [116, 118, 119, 120, 124, 125, 126, 127, 128, 129, 133, 134, 135, 137, 138], "excluded_lines": []}, "TemplateResolver.get_template_path": {"executed_lines": [159, 160, 161, 162, 163], "summary": {"covered_lines": 5, "num_statements": 5, "percent_covered": 100.0, "percent_covered_display": "100", "missing_lines": 0, "excluded_lines": 0}, "missing_lines": [], "excluded_lines": []}, "TemplateResolver._get_relative_path": {"executed_lines": [182, 184, 185, 186, 190, 191, 192, 193, 198, 201, 202, 207, 208], "summary": {"covered_lines": 13, "num_statements": 15, "percent_covered": 86.66666666666667, "percent_covered_display": "87", "missing_lines": 2, "excluded_lines": 0}, "missing_lines": [209, 210], "excluded_lines": []}, "TemplateResolver.init_template_structure": {"executed_lines": [223, 226, 228, 231, 232, 239, 240, 241], "summary": {"covered_lines": 8, "num_statements": 19, "percent_covered": 42.10526315789474, "percent_covered_display": "42", "missing_lines": 11, "excluded_lines": 0}, "missing_lines": [229, 234, 235, 236, 237, 242, 243, 244, 245, 246, 247], "excluded_lines": []}, "TemplateManager.__init__": {"executed_lines": [261, 262], "summary": {"covered_lines": 2, "num_statements": 2, "percent_covered": 100.0, "percent_covered_display": "100", "missing_lines": 0, "excluded_lines": 0}, "missing_lines": [], "excluded_lines": []}, "": {"executed_lines": [1, 3, 5, 6, 8, 10, 13, 16, 17, 19, 43, 59, 63, 70, 93, 140, 165, 212, 250, 251, 253], "summary": {"covered_lines": 18, "num_statements": 18, "percent_covered": 100.0, "percent_covered_display": "100", "missing_lines": 0, "excluded_lines": 0}, "missing_lines": [], "excluded_lines": []}}, "classes": {"TemplateResolver": {"executed_lines": [32, 33, 34, 37, 38, 40, 41, 51, 52, 53, 54, 55, 56, 57, 61, 66, 67, 68, 83, 84, 85, 86, 87, 88, 89, 90, 91, 106, 109, 110, 113, 115, 131, 132, 136, 159, 160, 161, 162, 163, 182, 184, 185, 186, 190, 191, 192, 193, 198, 201, 202, 207, 208, 223, 226, 228, 231, 232, 239, 240, 241], "summary": {"covered_lines": 61, "num_statements": 89, "percent_covered": 68.53932584269663, "percent_covered_display": "69", "missing_lines": 28, "excluded_lines": 0}, "missing_lines": [116, 118, 119, 120, 124, 125, 126, 127, 128, 129, 133, 134, 135, 137, 138, 209, 210, 229, 234, 235, 236, 237, 242, 243, 244, 245, 246, 247], "excluded_lines": []}, "TemplateManager": {"executed_lines": [261, 262], "summary": {"covered_lines": 2, "num_statements": 2, "percent_covered": 100.0, "percent_covered_display": "100", "missing_lines": 0, "excluded_lines": 0}, "missing_lines": [], "excluded_lines": []}, "": {"executed_lines": [1, 3, 5, 6, 8, 10, 13, 16, 17, 19, 43, 59, 63, 70, 93, 140, 165, 212, 250, 251, 253], "summary": {"covered_lines": 18, "num_statements": 18, "percent_covered": 100.0, "percent_covered_display": "100", "missing_lines": 0, "excluded_lines": 0}, "missing_lines": [], "excluded_lines": []}}}}, "totals": {"covered_lines": 444, "num_statements": 543, "percent_covered": 81.76795580110497, "percent_covered_display": "82", "missing_lines": 99, "excluded_lines": 0}}