{"meta": {"format": 3, "version": "7.6.12", "timestamp": "2025-11-26T22:41:30.035943", "branch_coverage": false, "show_contexts": false}, "files": {"pytemplate/__init__.py": {"executed_lines": [1], "summary": {"covered_lines": 0, "num_statements": 0, "percent_covered": 100.0, "percent_covered_display": "100", "missing_lines": 0, "excluded_lines": 0}, "missing_lines": [], "excluded_lines": [], "functions": {"": {"executed_lines": [1], "summary": {"covered_lines": 0, "num_statements": 0, "percent_covered": 100.0, "percent_covered_display": "100", "missing_lines": 0, "excluded_lines": 0}, "missing_lines": [], "excluded_lines": []}}, "classes": {"": {"executed_lines": [1], "summary": {"covered_lines": 0, "num_statements": 0, "percent_covered": 100.0, "percent_covered_display": "100", "missing_lines": 0, "excluded_lines": 0}, "missing_lines": [], "excluded_lines": []}}}, "pytemplate/constants.py": {"executed_lines": [1, 3, 6, 7, 9, 13, 17, 20, 21, 25, 26, 27, 33, 36, 39, 40, 44, 45, 46, 52], "summary": {"covered_lines": 18, "num_statements": 22, "percent_covered": 81.81818181818181, "percent_covered_display": "82", "missing_lines": 4, "excluded_lines": 0}, "missing_lines": [22, 30, 41, 49], "excluded_lines": [], "functions": {"_find_template_paths_file": {"executed_lines": [20, 21, 25, 26, 27], "summary": {"covered_lines": 5, "num_statements": 7, "percent_covered": 71.42857142857143, "percent_covered_display": "71", "missing_lines": 2, "excluded_lines": 0}, "missing_lines": [22, 30], "excluded_lines": []}, "_get_base_dir": {"executed_lines": [39, 40, 44, 45, 46], "summary": {"covered_lines": 5, "num_statements": 7, "percent_covered": 71.42857142857143, "percent_covered_display": "71", "missing_lines": 2, "excluded_lines": 0}, "missing_lines": [41, 49], "excluded_lines": []}, "": {"executed_lines": [1, 3, 6, 7, 9, 13, 17, 33, 36, 52], "summary": {"covered_lines": 8, "num_statements": 8, "percent_covered": 100.0, "percent_covered_display": "100", "missing_lines": 0, "excluded_lines": 0}, "missing_lines": [], "excluded_lines": []}}, "classes": {"SecurityError": {"executed_lines": [], "summary": {"covered_lines": 0, "num_statements": 0, "percent_covered": 100.0, "percent_covered_display": "100", "missing_lines": 0, "excluded_lines": 0}, "missing_lines": [], "excluded_lines": []}, "": {"executed_lines": [1, 3, 6, 7, 9, 13, 17, 20, 21, 25, 26, 27, 33, 36, 39, 40, 44, 45, 46, 52], "summary": {"covered_lines": 18, "num_statements": 22, "percent_covered": 81.81818181818181, "percent_covered_display": "82", "missing_lines": 4, "excluded_lines": 0}, "missing_lines": [22, 30, 41, 49], "excluded_lines": []}}}, "pytemplate/logger.py": {"executed_lines": [1, 3, 4, 5, 7, 10, 13, 19, 27, 30, 61, 71, 75], "summary": {"covered_lines": 12, "num_statements": 26, "percent_covered": 46.15384615384615, "percent_covered_display": "46", "missing_lines": 14, "excluded_lines": 0}, "missing_lines": [38, 39, 42, 43, 44, 45, 47, 49, 50, 52, 65, 66, 67, 72], "excluded_lines": [], "functions": {"enable_file_logging": {"executed_lines": [], "summary": {"covered_lines": 0, "num_statements": 10, "percent_covered": 0.0, "percent_covered_display": "0", "missing_lines": 10, "excluded_lines": 0}, "missing_lines": [38, 39, 42, 43, 44, 45, 47, 49, 50, 52], "excluded_lines": []}, "disable_file_logging": {"executed_lines": [], "summary": {"covered_lines": 0, "num_statements": 3, "percent_covered": 0.0, "percent_covered_display": "0", "missing_lines": 3, "excluded_lines": 0}, "missing_lines": [65, 66, 67], "excluded_lines": []}, "": {"executed_lines": [1, 3, 4, 5, 7, 10, 13, 19, 27, 30, 61, 71, 75], "summary": {"covered_lines": 12, "num_statements": 13, "percent_covered": 92.3076923076923, "percent_covered_display": "92", "missing_lines": 1, "excluded_lines": 0}, "missing_lines": [72], "excluded_lines": []}}, "classes": {"": {"executed_lines": [1, 3, 4, 5, 7, 10, 13, 19, 27, 30, 61, 71, 75], "summary": {"covered_lines": 12, "num_statements": 26, "percent_covered": 46.15384615384615, "percent_covered_display": "46", "missing_lines": 14, "excluded_lines": 0}, "missing_lines": [38, 39, 42, 43, 44, 45, 47, 49, 50, 52, 65, 66, 67, 72], "excluded_lines": []}}}, "pytemplate/main.py": {"executed_lines": [1, 3, 5, 6, 8, 10, 11, 14, 16, 23, 28, 29, 58, 66, 67, 105], "summary": {"covered_lines": 15, "num_statements": 49, "percent_covered": 30.612244897959183, "percent_covered_display": "31", "missing_lines": 34, "excluded_lines": 0}, "missing_lines": [25, 42, 44, 45, 46, 51, 52, 53, 54, 55, 60, 61, 62, 63, 76, 77, 79, 80, 82, 83, 85, 86, 87, 91, 92, 94, 95, 96, 97, 98, 100, 101, 102, 106], "excluded_lines": [], "functions": {"path_callback": {"executed_lines": [], "summary": {"covered_lines": 0, "num_statements": 1, "percent_covered": 0.0, "percent_covered_display": "0", "missing_lines": 1, "excluded_lines": 0}, "missing_lines": [25], "excluded_lines": []}, "create_project_from_config": {"executed_lines": [], "summary": {"covered_lines": 0, "num_statements": 9, "percent_covered": 0.0, "percent_covered_display": "0", "missing_lines": 9, "excluded_lines": 0}, "missing_lines": [42, 44, 45, 46, 51, 52, 53, 54, 55], "excluded_lines": []}, "validate_project_type": {"executed_lines": [], "summary": {"covered_lines": 0, "num_statements": 4, "percent_covered": 0.0, "percent_covered_display": "0", "missing_lines": 4, "excluded_lines": 0}, "missing_lines": [60, 61, 62, 63], "excluded_lines": []}, "create_config": {"executed_lines": [], "summary": {"covered_lines": 0, "num_statements": 19, "percent_covered": 0.0, "percent_covered_display": "0", "missing_lines": 19, "excluded_lines": 0}, "missing_lines": [76, 77, 79, 80, 82, 83, 85, 86, 87, 91, 92, 94, 95, 96, 97, 98, 100, 101, 102], "excluded_lines": []}, "": {"executed_lines": [1, 3, 5, 6, 8, 10, 11, 14, 16, 23, 28, 29, 58, 66, 67, 105], "summary": {"covered_lines": 15, "num_statements": 16, "percent_covered": 93.75, "percent_covered_display": "94", "missing_lines": 1, "excluded_lines": 0}, "missing_lines": [106], "excluded_lines": []}}, "classes": {"": {"executed_lines": [1, 3, 5, 6, 8, 10, 11, 14, 16, 23, 28, 29, 58, 66, 67, 105], "summary": {"covered_lines": 15, "num_statements": 49, "percent_covered": 30.612244897959183, "percent_covered_display": "31", "missing_lines": 34, "excluded_lines": 0}, "missing_lines": [25, 42, 44, 45, 46, 51, 52, 53, 54, 55, 60, 61, 62, 63, 76, 77, 79, 80, 82, 83, 85, 86, 87, 91, 92, 94, 95, 96, 97, 98, 100, 101, 102, 106], "excluded_lines": []}}}, "pytemplate/project_creator.py": {"executed_lines": [1, 3, 4, 5, 6, 7, 8, 10, 11, 12, 14, 15, 16, 19, 83, 101, 176, 188, 189, 211, 215, 262, 280, 293, 314, 328, 337, 356, 472, 523, 587, 608, 634, 661], "summary": {"covered_lines": 34, "num_statements": 364, "percent_covered": 9.340659340659341, "percent_covered_display": "9", "missing_lines": 330, "excluded_lines": 0}, "missing_lines": [36, 37, 38, 39, 42, 43, 44, 46, 48, 51, 52, 53, 54, 57, 58, 59, 60, 63, 64, 65, 66, 67, 69, 70, 72, 73, 75, 77, 78, 79, 80, 91, 92, 97, 98, 108, 110, 111, 113, 114, 118, 119, 121, 122, 124, 157, 159, 160, 161, 162, 163, 166, 167, 168, 169, 171, 172, 173, 180, 198, 202, 203, 204, 205, 208, 209, 213, 223, 224, 225, 226, 227, 228, 229, 230, 232, 233, 234, 235, 236, 238, 239, 240, 242, 243, 245, 247, 248, 249, 250, 252, 253, 254, 255, 256, 257, 259, 260, 264, 265, 268, 269, 270, 273, 274, 275, 277, 278, 282, 283, 284, 286, 287, 288, 289, 291, 295, 296, 297, 299, 300, 302, 303, 305, 306, 308, 309, 311, 312, 315, 316, 317, 318, 319, 320, 325, 326, 329, 330, 331, 332, 333, 334, 335, 338, 339, 342, 343, 344, 346, 347, 348, 350, 351, 352, 353, 354, 358, 359, 361, 363, 364, 365, 368, 369, 370, 371, 377, 381, 382, 385, 386, 387, 390, 391, 392, 393, 396, 397, 398, 399, 400, 402, 403, 407, 410, 411, 413, 434, 437, 440, 444, 447, 448, 449, 452, 453, 454, 455, 457, 458, 459, 460, 461, 462, 463, 465, 466, 468, 469, 470, 480, 481, 482, 484, 485, 486, 488, 489, 492, 494, 498, 500, 501, 504, 505, 508, 509, 510, 511, 512, 513, 514, 515, 516, 517, 518, 520, 521, 530, 531, 532, 533, 534, 535, 537, 539, 540, 541, 542, 544, 545, 546, 548, 549, 552, 553, 556, 557, 558, 560, 562, 563, 564, 566, 567, 569, 572, 573, 575, 577, 578, 579, 580, 581, 582, 583, 584, 585, 596, 598, 599, 603, 605, 606, 621, 622, 623, 625, 626, 627, 629, 630, 631, 632, 647, 648, 649, 651, 652, 653, 654, 655, 656, 657, 658, 659, 669, 670, 671, 672, 674, 675, 676, 677, 678, 681, 682, 683, 684, 687, 688, 689, 690, 691, 693, 694, 696, 697, 698], "excluded_lines": [], "functions": {"_validate_template": {"executed_lines": [], "summary": {"covered_lines": 0, "num_statements": 31, "percent_covered": 0.0, "percent_covered_display": "0", "missing_lines": 31, "excluded_lines": 0}, "missing_lines": [36, 37, 38, 39, 42, 43, 44, 46, 48, 51, 52, 53, 54, 57, 58, 59, 60, 63, 64, 65, 66, 67, 69, 70, 72, 73, 75, 77, 78, 79, 80], "excluded_lines": []}, "_get_context": {"executed_lines": [], "summary": {"covered_lines": 0, "num_statements": 4, "percent_covered": 0.0, "percent_covered_display": "0", "missing_lines": 4, "excluded_lines": 0}, "missing_lines": [91, 92, 97, 98], "excluded_lines": []}, "_create_project_with_cookiecutter": {"executed_lines": [], "summary": {"covered_lines": 0, "num_statements": 23, "percent_covered": 0.0, "percent_covered_display": "0", "missing_lines": 23, "excluded_lines": 0}, "missing_lines": [108, 110, 111, 113, 114, 118, 119, 121, 122, 124, 157, 159, 160, 161, 162, 163, 166, 167, 168, 169, 171, 172, 173], "excluded_lines": []}, "_execute_cookiecutter": {"executed_lines": [], "summary": {"covered_lines": 0, "num_statements": 1, "percent_covered": 0.0, "percent_covered_display": "0", "missing_lines": 1, "excluded_lines": 0}, "missing_lines": [180], "excluded_lines": []}, "ProjectCreator.__init__": {"executed_lines": [], "summary": {"covered_lines": 0, "num_statements": 7, "percent_covered": 0.0, "percent_covered_display": "0", "missing_lines": 7, "excluded_lines": 0}, "missing_lines": [198, 202, 203, 204, 205, 208, 209], "excluded_lines": []}, "ProjectCreator.enable_testing_mode": {"executed_lines": [], "summary": {"covered_lines": 0, "num_statements": 1, "percent_covered": 0.0, "percent_covered_display": "0", "missing_lines": 1, "excluded_lines": 0}, "missing_lines": [213], "excluded_lines": []}, "ProjectCreator.load_config": {"executed_lines": [], "summary": {"covered_lines": 0, "num_statements": 31, "percent_covered": 0.0, "percent_covered_display": "0", "missing_lines": 31, "excluded_lines": 0}, "missing_lines": [223, 224, 225, 226, 227, 228, 229, 230, 232, 233, 234, 235, 236, 238, 239, 240, 242, 243, 245, 247, 248, 249, 250, 252, 253, 254, 255, 256, 257, 259, 260], "excluded_lines": []}, "ProjectCreator._validate_project_name": {"executed_lines": [], "summary": {"covered_lines": 0, "num_statements": 10, "percent_covered": 0.0, "percent_covered_display": "0", "missing_lines": 10, "excluded_lines": 0}, "missing_lines": [264, 265, 268, 269, 270, 273, 274, 275, 277, 278], "excluded_lines": []}, "ProjectCreator._validate_development_settings": {"executed_lines": [], "summary": {"covered_lines": 0, "num_statements": 8, "percent_covered": 0.0, "percent_covered_display": "0", "missing_lines": 8, "excluded_lines": 0}, "missing_lines": [282, 283, 284, 286, 287, 288, 289, 291], "excluded_lines": []}, "ProjectCreator.validate_config": {"executed_lines": [], "summary": {"covered_lines": 0, "num_statements": 13, "percent_covered": 0.0, "percent_covered_display": "0", "missing_lines": 13, "excluded_lines": 0}, "missing_lines": [295, 296, 297, 299, 300, 302, 303, 305, 306, 308, 309, 311, 312], "excluded_lines": []}, "ProjectCreator._validate_required_sections": {"executed_lines": [], "summary": {"covered_lines": 0, "num_statements": 8, "percent_covered": 0.0, "percent_covered_display": "0", "missing_lines": 8, "excluded_lines": 0}, "missing_lines": [315, 316, 317, 318, 319, 320, 325, 326], "excluded_lines": []}, "ProjectCreator._validate_project_type": {"executed_lines": [], "summary": {"covered_lines": 0, "num_statements": 7, "percent_covered": 0.0, "percent_covered_display": "0", "missing_lines": 7, "excluded_lines": 0}, "missing_lines": [329, 330, 331, 332, 333, 334, 335], "excluded_lines": []}, "ProjectCreator._validate_docker_settings": {"executed_lines": [], "summary": {"covered_lines": 0, "num_statements": 13, "percent_covered": 0.0, "percent_covered_display": "0", "missing_lines": 13, "excluded_lines": 0}, "missing_lines": [338, 339, 342, 343, 344, 346, 347, 348, 350, 351, 352, 353, 354], "excluded_lines": []}, "ProjectCreator.create_project_from_config": {"executed_lines": [], "summary": {"covered_lines": 0, "num_statements": 53, "percent_covered": 0.0, "percent_covered_display": "0", "missing_lines": 53, "excluded_lines": 0}, "missing_lines": [358, 359, 361, 363, 364, 365, 368, 369, 370, 371, 377, 381, 382, 385, 386, 387, 390, 391, 392, 393, 396, 397, 398, 399, 400, 402, 403, 407, 410, 413, 434, 437, 440, 444, 447, 448, 449, 452, 453, 454, 455, 457, 458, 459, 460, 461, 462, 463, 465, 466, 468, 469, 470], "excluded_lines": []}, "ProjectCreator.create_project_from_config.bool_to_yn": {"executed_lines": [], "summary": {"covered_lines": 0, "num_statements": 1, "percent_covered": 0.0, "percent_covered_display": "0", "missing_lines": 1, "excluded_lines": 0}, "missing_lines": [411], "excluded_lines": []}, "ProjectCreator.initialize_local_git_repo": {"executed_lines": [], "summary": {"covered_lines": 0, "num_statements": 28, "percent_covered": 0.0, "percent_covered_display": "0", "missing_lines": 28, "excluded_lines": 0}, "missing_lines": [480, 481, 482, 484, 485, 486, 488, 489, 492, 494, 498, 500, 501, 504, 505, 508, 509, 510, 511, 512, 513, 514, 515, 516, 517, 518, 520, 521], "excluded_lines": []}, "ProjectCreator.create_github_repo": {"executed_lines": [], "summary": {"covered_lines": 0, "num_statements": 35, "percent_covered": 0.0, "percent_covered_display": "0", "missing_lines": 35, "excluded_lines": 0}, "missing_lines": [530, 531, 539, 540, 541, 542, 544, 545, 546, 548, 549, 552, 553, 556, 557, 558, 560, 562, 563, 564, 566, 567, 569, 572, 573, 575, 577, 578, 579, 580, 581, 582, 583, 584, 585], "excluded_lines": []}, "ProjectCreator.create_github_repo.change_directory": {"executed_lines": [], "summary": {"covered_lines": 0, "num_statements": 5, "percent_covered": 0.0, "percent_covered_display": "0", "missing_lines": 5, "excluded_lines": 0}, "missing_lines": [532, 533, 534, 535, 537], "excluded_lines": []}, "ProjectCreator._get_copilots_config": {"executed_lines": [], "summary": {"covered_lines": 0, "num_statements": 6, "percent_covered": 0.0, "percent_covered_display": "0", "missing_lines": 6, "excluded_lines": 0}, "missing_lines": [596, 598, 599, 603, 605, 606], "excluded_lines": []}, "ProjectCreator._load_template_content": {"executed_lines": [], "summary": {"covered_lines": 0, "num_statements": 10, "percent_covered": 0.0, "percent_covered_display": "0", "missing_lines": 10, "excluded_lines": 0}, "missing_lines": [621, 622, 623, 625, 626, 627, 629, 630, 631, 632], "excluded_lines": []}, "ProjectCreator._copy_rules_to_path": {"executed_lines": [], "summary": {"covered_lines": 0, "num_statements": 12, "percent_covered": 0.0, "percent_covered_display": "0", "missing_lines": 12, "excluded_lines": 0}, "missing_lines": [647, 648, 649, 651, 652, 653, 654, 655, 656, 657, 658, 659], "excluded_lines": []}, "ProjectCreator.copy_ai_templates": {"executed_lines": [], "summary": {"covered_lines": 0, "num_statements": 23, "percent_covered": 0.0, "percent_covered_display": "0", "missing_lines": 23, "excluded_lines": 0}, "missing_lines": [669, 670, 671, 672, 674, 675, 676, 677, 678, 681, 682, 683, 684, 687, 688, 689, 690, 691, 693, 694, 696, 697, 698], "excluded_lines": []}, "": {"executed_lines": [1, 3, 4, 5, 6, 7, 8, 10, 11, 12, 14, 15, 16, 19, 83, 101, 176, 188, 189, 211, 215, 262, 280, 293, 314, 328, 337, 356, 472, 523, 587, 608, 634, 661], "summary": {"covered_lines": 34, "num_statements": 34, "percent_covered": 100.0, "percent_covered_display": "100", "missing_lines": 0, "excluded_lines": 0}, "missing_lines": [], "excluded_lines": []}}, "classes": {"ProjectCreator": {"executed_lines": [], "summary": {"covered_lines": 0, "num_statements": 271, "percent_covered": 0.0, "percent_covered_display": "0", "missing_lines": 271, "excluded_lines": 0}, "missing_lines": [198, 202, 203, 204, 205, 208, 209, 213, 223, 224, 225, 226, 227, 228, 229, 230, 232, 233, 234, 235, 236, 238, 239, 240, 242, 243, 245, 247, 248, 249, 250, 252, 253, 254, 255, 256, 257, 259, 260, 264, 265, 268, 269, 270, 273, 274, 275, 277, 278, 282, 283, 284, 286, 287, 288, 289, 291, 295, 296, 297, 299, 300, 302, 303, 305, 306, 308, 309, 311, 312, 315, 316, 317, 318, 319, 320, 325, 326, 329, 330, 331, 332, 333, 334, 335, 338, 339, 342, 343, 344, 346, 347, 348, 350, 351, 352, 353, 354, 358, 359, 361, 363, 364, 365, 368, 369, 370, 371, 377, 381, 382, 385, 386, 387, 390, 391, 392, 393, 396, 397, 398, 399, 400, 402, 403, 407, 410, 411, 413, 434, 437, 440, 444, 447, 448, 449, 452, 453, 454, 455, 457, 458, 459, 460, 461, 462, 463, 465, 466, 468, 469, 470, 480, 481, 482, 484, 485, 486, 488, 489, 492, 494, 498, 500, 501, 504, 505, 508, 509, 510, 511, 512, 513, 514, 515, 516, 517, 518, 520, 521, 530, 531, 532, 533, 534, 535, 537, 539, 540, 541, 542, 544, 545, 546, 548, 549, 552, 553, 556, 557, 558, 560, 562, 563, 564, 566, 567, 569, 572, 573, 575, 577, 578, 579, 580, 581, 582, 583, 584, 585, 596, 598, 599, 603, 605, 606, 621, 622, 623, 625, 626, 627, 629, 630, 631, 632, 647, 648, 649, 651, 652, 653, 654, 655, 656, 657, 658, 659, 669, 670, 671, 672, 674, 675, 676, 677, 678, 681, 682, 683, 684, 687, 688, 689, 690, 691, 693, 694, 696, 697, 698], "excluded_lines": []}, "": {"executed_lines": [1, 3, 4, 5, 6, 7, 8, 10, 11, 12, 14, 15, 16, 19, 83, 101, 176, 188, 189, 211, 215, 262, 280, 293, 314, 328, 337, 356, 472, 523, 587, 608, 634, 661], "summary": {"covered_lines": 34, "num_statements": 93, "percent_covered": 36.55913978494624, "percent_covered_display": "37", "missing_lines": 59, "excluded_lines": 0}, "missing_lines": [36, 37, 38, 39, 42, 43, 44, 46, 48, 51, 52, 53, 54, 57, 58, 59, 60, 63, 64, 65, 66, 67, 69, 70, 72, 73, 75, 77, 78, 79, 80, 91, 92, 97, 98, 108, 110, 111, 113, 114, 118, 119, 121, 122, 124, 157, 159, 160, 161, 162, 163, 166, 167, 168, 169, 171, 172, 173, 180], "excluded_lines": []}}}, "pytemplate/template_manager.py": {"executed_lines": [1, 3, 5, 6, 8, 10, 13, 16, 17, 19, 43, 59, 63, 70, 93, 140, 165, 212, 250, 251, 253], "summary": {"covered_lines": 18, "num_statements": 109, "percent_covered": 16.513761467889907, "percent_covered_display": "17", "missing_lines": 91, "excluded_lines": 0}, "missing_lines": [32, 33, 34, 37, 38, 40, 41, 51, 52, 53, 54, 55, 56, 57, 61, 66, 67, 68, 83, 84, 85, 86, 87, 88, 89, 90, 91, 106, 109, 110, 113, 115, 116, 118, 119, 120, 124, 125, 126, 127, 128, 129, 131, 132, 133, 134, 135, 136, 137, 138, 159, 160, 161, 162, 163, 182, 184, 185, 186, 190, 191, 192, 193, 198, 201, 202, 207, 208, 209, 210, 223, 226, 228, 229, 231, 232, 234, 235, 236, 237, 239, 240, 241, 242, 243, 244, 245, 246, 247, 261, 262], "excluded_lines": [], "functions": {"TemplateResolver._resolve_template_path": {"executed_lines": [], "summary": {"covered_lines": 0, "num_statements": 7, "percent_covered": 0.0, "percent_covered_display": "0", "missing_lines": 7, "excluded_lines": 0}, "missing_lines": [32, 33, 34, 37, 38, 40, 41], "excluded_lines": []}, "TemplateResolver.__init__": {"executed_lines": [], "summary": {"covered_lines": 0, "num_statements": 7, "percent_covered": 0.0, "percent_covered_display": "0", "missing_lines": 7, "excluded_lines": 0}, "missing_lines": [51, 52, 53, 54, 55, 56, 57], "excluded_lines": []}, "TemplateResolver._get_default_config_path": {"executed_lines": [], "summary": {"covered_lines": 0, "num_statements": 1, "percent_covered": 0.0, "percent_covered_display": "0", "missing_lines": 1, "excluded_lines": 0}, "missing_lines": [61], "excluded_lines": []}, "TemplateResolver._get_base_dir": {"executed_lines": [], "summary": {"covered_lines": 0, "num_statements": 3, "percent_covered": 0.0, "percent_covered_display": "0", "missing_lines": 3, "excluded_lines": 0}, "missing_lines": [66, 67, 68], "excluded_lines": []}, "TemplateResolver._load_template_paths": {"executed_lines": [], "summary": {"covered_lines": 0, "num_statements": 9, "percent_covered": 0.0, "percent_covered_display": "0", "missing_lines": 9, "excluded_lines": 0}, "missing_lines": [83, 84, 85, 86, 87, 88, 89, 90, 91], "excluded_lines": []}, "TemplateResolver._load_config": {"executed_lines": [], "summary": {"covered_lines": 0, "num_statements": 23, "percent_covered": 0.0, "percent_covered_display": "0", "missing_lines": 23, "excluded_lines": 0}, "missing_lines": [106, 109, 110, 113, 115, 116, 118, 119, 120, 124, 125, 126, 127, 128, 129, 131, 132, 133, 134, 135, 136, 137, 138], "excluded_lines": []}, "TemplateResolver.get_template_path": {"executed_lines": [], "summary": {"covered_lines": 0, "num_statements": 5, "percent_covered": 0.0, "percent_covered_display": "0", "missing_lines": 5, "excluded_lines": 0}, "missing_lines": [159, 160, 161, 162, 163], "excluded_lines": []}, "TemplateResolver._get_relative_path": {"executed_lines": [], "summary": {"covered_lines": 0, "num_statements": 15, "percent_covered": 0.0, "percent_covered_display": "0", "missing_lines": 15, "excluded_lines": 0}, "missing_lines": [182, 184, 185, 186, 190, 191, 192, 193, 198, 201, 202, 207, 208, 209, 210], "excluded_lines": []}, "TemplateResolver.init_template_structure": {"executed_lines": [], "summary": {"covered_lines": 0, "num_statements": 19, "percent_covered": 0.0, "percent_covered_display": "0", "missing_lines": 19, "excluded_lines": 0}, "missing_lines": [223, 226, 228, 229, 231, 232, 234, 235, 236, 237, 239, 240, 241, 242, 243, 244, 245, 246, 247], "excluded_lines": []}, "TemplateManager.__init__": {"executed_lines": [], "summary": {"covered_lines": 0, "num_statements": 2, "percent_covered": 0.0, "percent_covered_display": "0", "missing_lines": 2, "excluded_lines": 0}, "missing_lines": [261, 262], "excluded_lines": []}, "": {"executed_lines": [1, 3, 5, 6, 8, 10, 13, 16, 17, 19, 43, 59, 63, 70, 93, 140, 165, 212, 250, 251, 253], "summary": {"covered_lines": 18, "num_statements": 18, "percent_covered": 100.0, "percent_covered_display": "100", "missing_lines": 0, "excluded_lines": 0}, "missing_lines": [], "excluded_lines": []}}, "classes": {"TemplateResolver": {"executed_lines": [], "summary": {"covered_lines": 0, "num_statements": 89, "percent_covered": 0.0, "percent_covered_display": "0", "missing_lines": 89, "excluded_lines": 0}, "missing_lines": [32, 33, 34, 37, 38, 40, 41, 51, 52, 53, 54, 55, 56, 57, 61, 66, 67, 68, 83, 84, 85, 86, 87, 88, 89, 90, 91, 106, 109, 110, 113, 115, 116, 118, 119, 120, 124, 125, 126, 127, 128, 129, 131, 132, 133, 134, 135, 136, 137, 138, 159, 160, 161, 162, 163, 182, 184, 185, 186, 190, 191, 192, 193, 198, 201, 202, 207, 208, 209, 210, 223, 226, 228, 229, 231, 232, 234, 235, 236, 237, 239, 240, 241, 242, 243, 244, 245, 246, 247], "excluded_lines": []}, "TemplateManager": {"executed_lines": [], "summary": {"covered_lines": 0, "num_statements": 2, "percent_covered": 0.0, "percent_covered_display": "0", "missing_lines": 2, "excluded_lines": 0}, "missing_lines": [261, 262], "excluded_lines": []}, "": {"executed_lines": [1, 3, 5, 6, 8, 10, 13, 16, 17, 19, 43, 59, 63, 70, 93, 140, 165, 212, 250, 251, 253], "summary": {"covered_lines": 18, "num_statements": 18, "percent_covered": 100.0, "percent_covered_display": "100", "missing_lines": 0, "excluded_lines": 0}, "missing_lines": [], "excluded_lines": []}}}}, "totals": {"covered_lines": 97, "num_statements": 570, "percent_covered": 17.017543859649123, "percent_covered_display": "17", "missing_lines": 473, "excluded_lines": 0}}